<?xml version="1.0" encoding="UTF-8"?>
<!-- Generated by org.testng.reporters.JUnitReportReporter -->
<testsuite hostname="LAPTOP-8FI90IP6" failures="0" tests="1" name="jdbc.JdbcClass" time="30.039" errors="0" timestamp="2024-03-03T17:27:05 IST" skipped="0">
  <testcase classname="jdbc.JdbcClass" name="jdbcconnection" time="30.039"/>
</testsuite> <!-- jdbc.JdbcClass -->
