<?xml version="1.0" encoding="UTF-8"?>
<!-- Generated by org.testng.reporters.JUnitReportReporter -->
<testsuite hostname="LAPTOP-8FI90IP6" failures="0" tests="1" name="com.cucumber.ChromeTest_Parallel" time="0.000" errors="0" timestamp="2023-12-28T16:54:00 IST" skipped="1">
  <testcase classname="com.cucumber.ChromeTest_Parallel" name="chromeTestMethod" time="0.000">
    <skipped/>
  </testcase> <!-- chromeTestMethod -->
</testsuite> <!-- com.cucumber.ChromeTest_Parallel -->
