<?xml version="1.0" encoding="UTF-8"?>
<!-- Generated by org.testng.reporters.JUnitReportReporter -->
<testsuite hostname="LAPTOP-8FI90IP6" failures="0" tests="2" name="Array_Java.HelloWorld" time="0.019" errors="0" timestamp="2024-01-13T14:12:05 IST" skipped="0">
  <testcase classname="Array_Java.HelloWorld" name="numberOfTimes" time="0.006"/>
  <system-out/>
  <testcase classname="Array_Java.HelloWorld" name="main" time="0.013"/>
  <system-out/>
</testsuite> <!-- Array_Java.HelloWorld -->
