<?xml version="1.0" encoding="UTF-8"?>
<!-- Generated by org.testng.reporters.JUnitReportReporter -->
<testsuite hostname="LAPTOP-8FI90IP6" failures="0" tests="1" name="Selenium4.SeleniummTestSearch" time="4.742" errors="0" timestamp="2024-02-12T13:22:11 IST" skipped="0">
  <testcase classname="Selenium4.SeleniummTestSearch" name="test_searchPage" time="4.742"/>
</testsuite> <!-- Selenium4.SeleniummTestSearch -->
