<?xml version="1.0" encoding="UTF-8"?>
<!-- Generated by org.testng.reporters.JUnitReportReporter -->
<testsuite hostname="LAPTOP-8FI90IP6" failures="0" tests="1" name="com.cucumber.ChromeTest_Parallel" time="5.643" errors="0" timestamp="2023-12-28T15:04:33 IST" skipped="0">
  <testcase classname="com.cucumber.ChromeTest_Parallel" name="chromeTestMethod" time="5.643"/>
</testsuite> <!-- com.cucumber.ChromeTest_Parallel -->
