<?xml version="1.0" encoding="UTF-8"?>
<!-- Generated by org.testng.reporters.JUnitReportReporter -->
<testsuite hostname="LAPTOP-8FI90IP6" failures="0" tests="1" name="myLaunchBrowser" time="10.563" errors="0" timestamp="2024-02-12T11:17:31 IST" skipped="0">
  <testcase classname="myLaunchBrowser" name="main" time="10.563"/>
</testsuite> <!-- myLaunchBrowser -->
