<?xml version="1.0" encoding="UTF-8"?>
<!-- Generated by org.testng.reporters.JUnitReportReporter -->
<testsuite hostname="LAPTOP-8FI90IP6" failures="0" tests="1" name="PageObjectModal.LauchOne" time="18.818" errors="0" timestamp="2024-03-11T01:39:41 IST" skipped="0">
  <testcase classname="PageObjectModal.LauchOne" name="LauchMyDriver" time="18.818"/>
</testsuite> <!-- PageObjectModal.LauchOne -->
