<?xml version="1.0" encoding="UTF-8"?>
<!-- Generated by org.testng.reporters.JUnitReportReporter -->
<testsuite hostname="LAPTOP-8FI90IP6" failures="0" tests="2" name="Basic_Programs.ParrallelDemoff" time="0.057" errors="0" timestamp="2024-02-05T20:00:31 IST" skipped="0">
  <testcase classname="Basic_Programs.ParrallelDemoff" name="test1" time="0.046"/>
  <testcase classname="Basic_Programs.ParrallelDemoff" name="test2" time="0.011"/>
</testsuite> <!-- Basic_Programs.ParrallelDemoff -->
