<?xml version="1.0" encoding="UTF-8"?>
<!-- Generated by org.testng.reporters.JUnitReportReporter -->
<testsuite hostname="LAPTOP-8FI90IP6" failures="0" tests="1" name="CheckLog" time="3.681" errors="0" timestamp="2024-02-27T00:19:53 IST" skipped="0">
  <testcase classname="CheckLog" name="logs" time="3.681"/>
</testsuite> <!-- CheckLog -->
