<?xml version="1.0" encoding="UTF-8"?>
<!-- Generated by org.testng.reporters.JUnitReportReporter -->
<testsuite hostname="LAPTOP-8FI90IP6" failures="0" tests="2" name="DataProviderTest" time="12.211" errors="0" timestamp="2023-12-28T17:05:05 IST" skipped="0">
  <testcase classname="DataProviderTest" name="TestChrome" time="5.295"/>
  <testcase classname="DataProviderTest" name="TestChrome" time="6.916"/>
</testsuite> <!-- DataProviderTest -->
