<?xml version="1.0" encoding="UTF-8"?>
<!-- Generated by org.testng.reporters.JUnitReportReporter -->
<testsuite hostname="LAPTOP-8FI90IP6" failures="0" tests="1" name="com.cucumber.Runner" time="0.079" errors="0" timestamp="2023-12-08T17:33:12 IST" skipped="0">
  <testcase classname="com.cucumber.Runner" name="runScenario" time="0.079"/>
  <system-out/>
</testsuite> <!-- com.cucumber.Runner -->
