<?xml version="1.0" encoding="UTF-8"?>
<!-- Generated by org.testng.reporters.JUnitReportReporter -->
<testsuite hostname="LAPTOP-8FI90IP6" failures="0" tests="1" name="Selenium4.WindowsHandle" time="27.826" errors="0" timestamp="2024-02-12T13:24:05 IST" skipped="0">
  <testcase classname="Selenium4.WindowsHandle" name="handle" time="27.826"/>
</testsuite> <!-- Selenium4.WindowsHandle -->
