<?xml version="1.0" encoding="UTF-8"?>
<!-- Generated by org.testng.reporters.JUnitReportReporter -->
<testsuite hostname="LAPTOP-8FI90IP6" failures="0" tests="1" name="Auatomation.AS" time="40.683" errors="0" timestamp="2024-03-09T23:09:01 IST" skipped="0">
  <testcase classname="Auatomation.AS" name="main" time="40.683"/>
</testsuite> <!-- Auatomation.AS -->
