<?xml version="1.0" encoding="UTF-8"?>
<!-- Generated by org.testng.reporters.JUnitReportReporter -->
<testsuite hostname="LAPTOP-8FI90IP6" failures="0" tests="2" name="RestAssured.OnrMoreRestAssured" time="2.395" errors="0" timestamp="2023-12-29T11:51:32 IST" skipped="1">
  <testcase classname="RestAssured.OnrMoreRestAssured" name="testGetPost" time="2.395"/>
  <testcase classname="RestAssured.OnrMoreRestAssured" name="getstatuscode">
    <skipped/>
  </testcase> <!-- getstatuscode -->
</testsuite> <!-- RestAssured.OnrMoreRestAssured -->
