<?xml version="1.0" encoding="UTF-8"?>
<!-- Generated by org.testng.reporters.JUnitReportReporter -->
<testsuite hostname="LAPTOP-8FI90IP6" failures="0" tests="2" name="DataProviderTest" time="20.206" errors="0" timestamp="2023-12-28T13:48:16 IST" skipped="0">
  <testcase classname="DataProviderTest" name="TestChrome" time="13.009"/>
  <testcase classname="DataProviderTest" name="TestChrome" time="7.197"/>
</testsuite> <!-- DataProviderTest -->
