<?xml version="1.0" encoding="UTF-8"?>
<!-- Generated by org.testng.reporters.JUnitReportReporter -->
<testsuite hostname="LAPTOP-8FI90IP6" failures="0" tests="1" name="FileUploadTest" time="8.706" errors="0" timestamp="2024-02-01T14:54:02 IST" skipped="0">
  <testcase classname="FileUploadTest" name="fileUploadTest" time="8.706"/>
</testsuite> <!-- FileUploadTest -->
