<?xml version="1.0" encoding="UTF-8"?>
<!-- Generated by org.testng.reporters.JUnitReportReporter -->
<testsuite hostname="LAPTOP-8FI90IP6" failures="0" tests="1" name="RestAssured.MyFirstRestAssuredClass" time="2.014" errors="0" timestamp="2023-12-29T03:21:18 IST" skipped="0">
  <testcase classname="RestAssured.MyFirstRestAssuredClass" name="Rest" time="2.014"/>
</testsuite> <!-- RestAssured.MyFirstRestAssuredClass -->
