<?xml version="1.0" encoding="UTF-8"?>
<!-- Generated by org.testng.reporters.JUnitReportReporter -->
<testsuite hostname="LAPTOP-8FI90IP6" failures="0" tests="1" name="Modified" time="30.181" errors="0" timestamp="2024-02-15T07:51:38 IST" skipped="0">
  <testcase classname="Modified" name="testing" time="30.181"/>
</testsuite> <!-- Modified -->
