<?xml version="1.0" encoding="UTF-8"?>
<!-- Generated by org.testng.reporters.JUnitReportReporter -->
<testsuite hostname="LAPTOP-8FI90IP6" failures="0" tests="1" name="com.TestRunner.Runner" time="113.615" errors="0" timestamp="2024-02-18T21:20:49 IST" skipped="0">
  <testcase classname="com.TestRunner.Runner" name="runScenario" time="113.615"/>
</testsuite> <!-- com.TestRunner.Runner -->
